# JRE version: OpenJDK Runtime Environment (11.0.2+9) (build 11.0.2+9-Ubuntu-3ubuntu118.04.3)
# Java VM: OpenJDK 64-Bit Server VM (11.0.2+9-Ubuntu-3ubuntu118.04.3, mixed mode, sharing, tiered, compressed oops, g1 gc, linux-amd64)
Heap:
 garbage-first heap   total 243712K, used 30958K [0x00000000c0000000, 0x0000000100000000)
  region size 1024K, 1 young (1024K), 1 survivors (1024K)
 Metaspace       used 31996K, capacity 33992K, committed 34432K, reserved 1079296K
  class space    used 3385K, capacity 4114K, committed 4224K, reserved 1048576K
GC Heap History (10 events):
Event: 58,413 GC heap after
{Heap after GC invocations=11 (full 0):
 garbage-first heap   total 121856K, used 21826K [0x00000000c0000000, 0x0000000100000000)
  region size 1024K, 2 young (2048K), 2 survivors (2048K)
 Metaspace       used 27475K, capacity 29039K, committed 29312K, reserved 1075200K
  class space    used 2854K, capacity 3372K, committed 3456K, reserved 1048576K
}
Event: 69,090 GC heap before
{Heap before GC invocations=11 (full 0):
 garbage-first heap   total 121856K, used 31042K [0x00000000c0000000, 0x0000000100000000)
  region size 1024K, 11 young (11264K), 2 survivors (2048K)
 Metaspace       used 30057K, capacity 31946K, committed 32256K, reserved 1077248K
  class space    used 3157K, capacity 3794K, committed 3840K, reserved 1048576K
}
Event: 70,801 GC heap after
{Heap after GC invocations=12 (full 0):
 garbage-first heap   total 121856K, used 22933K [0x00000000c0000000, 0x0000000100000000)
  region size 1024K, 2 young (2048K), 2 survivors (2048K)
 Metaspace       used 30057K, capacity 31946K, committed 32256K, reserved 1077248K
  class space    used 3157K, capacity 3794K, committed 3840K, reserved 1048576K
}
Event: 73,543 GC heap before
{Heap before GC invocations=12 (full 0):
 garbage-first heap   total 121856K, used 24981K [0x00000000c0000000, 0x0000000100000000)
  region size 1024K, 5 young (5120K), 2 survivors (2048K)
 Metaspace       used 31141K, capacity 33138K, committed 33536K, reserved 1079296K
  class space    used 3292K, capacity 4004K, committed 4096K, reserved 1048576K
}
Event: 73,550 GC heap after
{Heap after GC invocations=13 (full 0):
 garbage-first heap   total 121856K, used 23138K [0x00000000c0000000, 0x0000000100000000)
  region size 1024K, 1 young (1024K), 1 survivors (1024K)
 Metaspace       used 31141K, capacity 33138K, committed 33536K, reserved 1079296K
  class space    used 3292K, capacity 4004K, committed 4096K, reserved 1048576K
}
Event: 78,687 GC heap before
{Heap before GC invocations=13 (full 0):
 garbage-first heap   total 121856K, used 31330K [0x00000000c0000000, 0x0000000100000000)
  region size 1024K, 9 young (9216K), 1 survivors (1024K)
 Metaspace       used 31905K, capacity 33887K, committed 34048K, reserved 1079296K
  class space    used 3376K, capacity 4075K, committed 4096K, reserved 1048576K
}
Event: 79,081 GC heap after
{Heap after GC invocations=14 (full 0):
 garbage-first heap   total 121856K, used 27592K [0x00000000c0000000, 0x0000000100000000)
  region size 1024K, 2 young (2048K), 2 survivors (2048K)
 Metaspace       used 31905K, capacity 33887K, committed 34048K, reserved 1079296K
  class space    used 3376K, capacity 4075K, committed 4096K, reserved 1048576K
}
Event: 87,092 GC heap before
{Heap before GC invocations=14 (full 0):
 garbage-first heap   total 121856K, used 29640K [0x00000000c0000000, 0x0000000100000000)
  region size 1024K, 5 young (5120K), 2 survivors (2048K)
 Metaspace       used 31982K, capacity 33928K, committed 34176K, reserved 1079296K
  class space    used 3384K, capacity 4114K, committed 4224K, reserved 1048576K
}
Event: 88,131 GC heap after
{Heap after GC invocations=15 (full 0):
 garbage-first heap   total 121856K, used 27792K [0x00000000c0000000, 0x0000000100000000)
  region size 1024K, 1 young (1024K), 1 survivors (1024K)
 Metaspace       used 31982K, capacity 33928K, committed 34176K, reserved 1079296K
  class space    used 3384K, capacity 4114K, committed 4224K, reserved 1048576K
}
Event: 90,446 GC heap before
{Heap before GC invocations=15 (full 0):
 garbage-first heap   total 121856K, used 31888K [0x00000000c0000000, 0x0000000100000000)
  region size 1024K, 5 young (5120K), 1 survivors (1024K)
 Metaspace       used 31996K, capacity 33992K, committed 34432K, reserved 1079296K
  class space    used 3385K, capacity 4114K, committed 4224K, reserved 1048576K
}

